This is pdfTeX, Version 3.141592653-2.6-1.40.23 (TeX Live 2021/Arch Linux) (preloaded format=clatex/templateAll 2022.2.28)  28 FEB 2022 18:34
entering extended mode
 \write18 enabled.
 file:line:error style messages enabled.
 %&-line parsing enabled.
**main.tex
(./main.tex
LaTeX2e <2021-11-15> patch level 1
L3 programming layer <2021-11-22>
==============================================================================
JOB NAME         : "main"
CUSTOMISED FORMAT: "clatex/templateAll"
PRELOADED FILES:
 article.cls    2021/10/04 v1.4n Standard LaTeX document class
  size11.clo    2021/10/04 v1.4n Standard LaTeX file (size option)
../src/template.sty    2021/06/31 package template
 fontenc.sty
inputenc.sty    2021/02/14 v1.3d Input encoding file
 titling.sty    2009/09/04 v2.1d maketitle typesetting
fancyhdr.sty    2021/01/28 v4.0.1 Extensive control of page headers and footers

geometry.sty    2020/01/02 v5.9 Page Geometry
  keyval.sty    2014/10/28 v1.15 key=value parser (DPC)
  ifvtex.sty    2019/10/25 v1.7 ifvtex legacy package. Use iftex instead.
   iftex.sty    2020/03/06 v1.0d TeX engine tests
 amsmath.sty    2021/10/15 v2.17l AMS math features
 amstext.sty    2021/08/26 v2.01 AMS text
  amsgen.sty    1999/11/30 v2.0 generic functions
  amsbsy.sty    1999/11/29 v1.2d Bold Symbols
  amsopn.sty    2021/08/26 v2.02 operator names
datetime.sty    2015/03/20 v2.60 Date Time Package
etoolbox.sty    2020/10/05 v2.5k e-TeX tools for LaTeX (JAW)
fmtcount.sty    2020/01/30 v3.07
  ifthen.sty    2020/11/24 v1.1c Standard LaTeX ifthen package (DPC)
 xkeyval.sty    2020/11/20 v2.8 package option processing (HA)
 xkeyval.tex    2014/12/03 v2.7a key=value parser (HA)
fcprefix.sty    2012/09/28
fcnumparser.sty    2017/06/15
datetime-defaults.sty    2013/09/10
   trace.sty    2021/04/18 v1.1f trace LaTeX code
 pgfkeys.sty    
pgfkeys.code.tex
../src/ezkeys.sty    2013/04/18 Add-ons for even easier and more powerful pgfke
ys
  pgffor.sty    2021/05/15 v3.1.9a (3.1.9a)
  pgfrcs.sty    2021/05/15 v3.1.9a (3.1.9a)
pgfrcs.code.tex
 pgfmath.sty    
pgfmath.code.tex
pgffor.code.tex
 lmodern.sty    2015/05/01 v1.6.1 Latin Modern Fonts
../src/moduleStyles/includeModules.sty    2021/07/06
../src/templateSmall.sty    2021/06/17 package templateSmall
csquotes.sty    2021-02-22 v5.2l context-sensitive quotations (JAW)
csquotes.def    2021-02-22 v5.2l csquotes generic definitions (JAW)
csquotes.cfg    
  xparse.sty    2021-11-12 L3 Experimental document command parser
   expl3.sty    2021-11-22 L3 programming layer (loader) 
l3backend-pdftex.def    2021-12-14 L3 backend support: PDF output (pdfTeX)
lastpage.sty    2021/09/03 v1.2n Refers to last page's name (HMM; JPG)
nicefrac.sty    1998/08/04 v0.9b Nice fractions
  xcolor.sty    2021/10/31 v2.13 LaTeX color extensions (UK)
   color.cfg    2016/01/02 v1.6 sample color configuration
  pdftex.def    2020/10/05 v1.2a Graphics/color driver for pdftex
  svgnam.def    2021/10/31 v2.13 Predefined colors according to SVG 1.1 (UK)
 tocloft.sty    2017/08/31 v2.3i parameterised ToC, etc., typesetting
hyperref.sty    2021-06-07 v7.00m Hypertext links for LaTeX
 ltxcmds.sty    2020-05-10 v1.25 LaTeX kernel commands for general use (HO)
pdftexcmds.sty    2020-06-27 v0.33 Utility functions of pdfTeX for LuaTeX (HO)
infwarerr.sty    2019/12/03 v1.5 Providing info/warning/error messages (HO)
kvsetkeys.sty    2019/12/15 v1.18 Key value parser (HO)
kvdefinekeys.sty    2019-12-19 v1.6 Define keys (HO)
pdfescape.sty    2019/12/09 v1.15 Implements pdfTeX's escape features (HO)
 hycolor.sty    2020-01-27 v1.10 Color options for hyperref/bookmark (HO)
letltxmacro.sty    2019/12/03 v1.6 Let assignment for LaTeX macros (HO)
 auxhook.sty    2019-12-17 v1.6 Hooks for auxiliary files (HO)
kvoptions.sty    2020-10-07 v3.14 Key value format for package options (HO)
  pd1enc.def    2021-06-07 v7.00m Hyperref: PDFDocEncoding definition (HO)
hyperref-langpatches.def    2021-06-07 v7.00m Hyperref: patches for babel langu
ages
 intcalc.sty    2019/12/15 v1.3 Expandable calculations with integers (HO)
etexcmds.sty    2019/12/15 v1.7 Avoid name clashes with e-TeX commands (HO)
   puenc.def    2021-06-07 v7.00m Hyperref: PDF Unicode definition (HO)
     url.sty    2013/09/16  ver 3.4  Verb mode for urls, etc.
  bitset.sty    2019/12/09 v1.3 Handle bit-vector datatype (HO)
bigintcalc.sty    2019/12/15 v1.5 Expandable calculations on big integers (HO)
atbegshi-ltx.sty    2021/01/10 v1.0c Emulation of the original atbegshi
package with kernel methods
 hpdftex.def    2021-06-07 v7.00m Hyperref driver for pdfTeX
atveryend-ltx.sty    2020/08/19 v1.0a Emulation of the original atveryend packa
ge
with kernel methods
rerunfilecheck.sty    2019/12/05 v1.9 Rerun checks for auxiliary files (HO)
uniquecounter.sty    2019/12/15 v1.4 Provide unlimited unique counter (HO)
../src/templateMedium.sty    2021/06/15
enumitem.sty    2019/06/20 v3.9 Customized lists
 xstring.sty    2021/07/21 v1.84 String manipulations (CT)
  xspace.sty    2014/10/28 v1.13 Space after command names (DPC,MH)
 xifthen.sty    2015/11/05 v1.4.0 Extended ifthen features
    calc.sty    2017/05/25 v4.3 Infix arithmetic (KKT,FJ)
 ifmtarg.sty    2018/04/16 v1.2b check for an empty argument
  hhline.sty    2020/01/04 v2.04 Table rule package (DPC)
textcomp.sty    2020/02/02 v2.0n Standard LaTeX package
footmisc.sty    2011/06/06 v5.5b a miscellany of footnote facilities
   float.sty    2001/11/08 v1.3d Float enhancements (AL)
makecell.sty    2009/08/03 V0.1e Managing of Tab Column Heads and Cells
   array.sty    2021/10/04 v2.5f Tabular extension package (FMi)
../src/templateMath.sty    2021/06/15 package templateMath
scalerel.sty    2016/12/29 v1.8 Routines for constrained scaling and stretching
 of objects, relative to a reference object or in absolute terms
graphicx.sty    2021/09/16 v1.2d Enhanced LaTeX Graphics (DPC,SPQR)
graphics.sty    2021/03/04 v1.4d Standard LaTeX Graphics (DPC,SPQR)
    trig.sty    2021/08/11 v1.11 sin cos tan (DPC)
graphics.cfg    2016/06/04 v1.11 sample graphics configuration
stackengine.sty    2021/07/22 v4.11\ Stacking text and objects in convenient wa
ys
listofitems.sty    2019/08/21 v1.63 Grab items in lists using user-specified se
p char (CT)
amsfonts.sty    2013/01/14 v3.01 Basic AMSFonts support
 amssymb.sty    2013/01/14 v3.01 AMS font symbols
stmaryrd.sty    1994/03/03 St Mary's Road symbol package
mathtools.sty    2021/04/12 v1.27 mathematical typesetting tools
 mhsetup.sty    2021/03/18 v1.4 programming setup (MH)
multirow.sty    2021/03/15 v2.8 Span multiple rows of a table
 physics.sty    
aligned-overset.sty    2018/04/04 v0.1.0 aligned overset and underset
stackrel.sty    2016/05/16 v1.3 Adding subscript option to stackrel (HO)
 wasysym.sty    2020/01/19 v2.4 Wasy-2 symbol support package
centernot.sty    2016/05/16 v1.4 Centers the not symbol horizontally (HO)
algorithm2e.sty    2017/07/18 v5.2 algorithms environments
ifoddpage.sty    2016/04/23 v1.1 Conditionals for odd/even page detection
 relsize.sty    2013/03/29 ver 4.1
typearea.sty    2021/11/13 v3.35 KOMA-Script package (type area)
scrkbase.sty    2021/11/13 v3.35 KOMA-Script package (KOMA-Script-dependent bas
ics and keyval usage)
 scrbase.sty    2021/11/13 v3.35 KOMA-Script package (KOMA-Script-independent b
asics and keyval usage)
scrlfile.sty    2021/11/13 v3.35 KOMA-Script package (file load hooks)
scrlfile-hook.sty    2021/11/13 v3.35 KOMA-Script package (using LaTeX hooks)
 scrlogo.sty    2021/11/13 v3.35 KOMA-Script package (logo)
   t1lmr.fd    2015/05/01 v1.6.1 Font defs for Latin Modern
../src/templateMathComplicated.sty    2021/06/17
../src/templateTikz.sty    2021/06/15
    tikz.sty    2021/05/15 v3.1.9a (3.1.9a)
     pgf.sty    2021/05/15 v3.1.9a (3.1.9a)
 pgfcore.sty    2021/05/15 v3.1.9a (3.1.9a)
  pgfsys.sty    2021/05/15 v3.1.9a (3.1.9a)
pgfsys.code.tex
pgfsyssoftpath.code.tex    2021/05/15 v3.1.9a (3.1.9a)
pgfsysprotocol.code.tex    2021/05/15 v3.1.9a (3.1.9a)
pgfcore.code.tex
pgfcomp-version-0-65.sty    2021/05/15 v3.1.9a (3.1.9a)
pgfcomp-version-1-18.sty    2021/05/15 v3.1.9a (3.1.9a)
tikz.code.tex
pgfplots.sty    2021/05/15 v1.18.1 Data Visualization (1.18.1)
  ot1lmr.fd    2015/05/01 v1.6.1 Font defs for Latin Modern
  omllmm.fd    2015/05/01 v1.6.1 Font defs for Latin Modern
 omslmsy.fd    2015/05/01 v1.6.1 Font defs for Latin Modern
 omxlmex.fd    2015/05/01 v1.6.1 Font defs for Latin Modern
    umsa.fd    2013/01/14 v3.01 AMS symbols A
    umsb.fd    2013/01/14 v3.01 AMS symbols B
  Ustmry.fd
   uwasy.fd    2020/01/19 v2.4 Wasy-2 symbol font definitions
  t1lmtt.fd    2015/05/01 v1.6.1 Font defs for Latin Modern
  t1lmss.fd    2015/05/01 v1.6.1 Font defs for Latin Modern

==============================================================================
(mylatexformat)Info: start reading document "main"
(mylatexformat)      on input line 2. (\endofdump)
==============================================================================
(/usr/share/texmf-dist/tex/generic/babel/babel.sty
Package: babel 2021/11/29 3.67 The Babel package
\babel@savecnt=\count373
\U@D=\dimen317
\l@unhyphenated=\language87

(/usr/share/texmf-dist/tex/generic/babel/txtbabel.def)
\bbl@readstream=\read3
\bbl@dirlevel=\count374

(/usr/share/texmf-dist/tex/generic/babel-english/USenglish.ldf
Language: USenglish 2017/06/06 v3.3r English support from the babel system

(/usr/share/texmf-dist/tex/generic/babel-english/english.ldf
Language: english 2017/06/06 v3.3r English support from the babel system
Package babel Info: Hyphen rules for 'canadian' set to \l@english
(babel)             (\language0). Reported on input line 102.
Package babel Info: Hyphen rules for 'australian' set to \l@ukenglish
(babel)             (\language21). Reported on input line 105.
Package babel Info: Hyphen rules for 'newzealand' set to \l@ukenglish
(babel)             (\language21). Reported on input line 108.
)))

Class template Warning: You did not supply an exercise number. If you know what
 you are doing, then go ahead. This might otherwise lead to problems. on input 
line 16.

(/usr/share/texmf-dist/tex/latex/parskip/parskip.sty
Package: parskip 2021-03-14 v2.0h non-zero parskip adjustments
)
(/usr/share/texmf-dist/tex/latex/minted/minted.sty
Package: minted 2021/12/24 v2.6 Yet another Pygments shim for LaTeX

(/usr/share/texmf-dist/tex/latex/fvextra/fvextra.sty
Package: fvextra 2019/02/04 v1.4 fvextra - extensions and patches for fancyvrb

(/usr/share/texmf-dist/tex/latex/fancyvrb/fancyvrb.sty
Package: fancyvrb 2021/12/21 4.1b verbatim text (tvz,hv)
\FV@CodeLineNo=\count375
\FV@InFile=\read4
\FV@TabBox=\box107
\c@FancyVerbLine=\count376
\FV@StepNumber=\count377
\FV@OutFile=\write4
)
(/usr/share/texmf-dist/tex/latex/upquote/upquote.sty
Package: upquote 2012/04/19 v1.3 upright-quote and grave-accent glyphs in verba
tim
)
(/usr/share/texmf-dist/tex/latex/lineno/lineno.sty
Package: lineno 2005/11/02 line numbers on paragraphs v4.41
\linenopenalty=\count378
\output=\toks53
\linenoprevgraf=\count379
\linenumbersep=\dimen318
\linenumberwidth=\dimen319
\c@linenumber=\count380
\c@pagewiselinenumber=\count381
\c@LN@truepage=\count382
\c@internallinenumber=\count383
\c@internallinenumbers=\count384
\quotelinenumbersep=\dimen320
\bframerule=\dimen321
\bframesep=\dimen322
\bframebox=\box108


LaTeX Warning: Command \@parboxrestore  has changed.
               Check if current package is valid.

LaTeX Info: Redefining \\ on input line 3056.
)

Package fvextra Warning: csquotes should be loaded after fvextra, to avoid a wa
rning from the lineno package on input line 37.

\c@FV@TrueTabGroupLevel=\count385
\c@FV@TrueTabCounter=\count386
\FV@TabBox@Group=\box109
\FV@TmpLength=\skip143
\c@FV@HighlightLinesStart=\count387
\c@FV@HighlightLinesStop=\count388
\FV@LoopCount=\count389
\FV@NCharsBox=\box110
\FV@BreakIndent=\dimen323
\FV@BreakIndentNChars=\count390
\FV@BreakSymbolSepLeft=\dimen324
\FV@BreakSymbolSepLeftNChars=\count391
\FV@BreakSymbolSepRight=\dimen325
\FV@BreakSymbolSepRightNChars=\count392
\FV@BreakSymbolIndentLeft=\dimen326
\FV@BreakSymbolIndentLeftNChars=\count393
\FV@BreakSymbolIndentRight=\dimen327
\FV@BreakSymbolIndentRightNChars=\count394
\c@FancyVerbLineBreakLast=\count395
\FV@LineBox=\box111
\FV@LineIndentBox=\box112
\FV@LineWidth=\dimen328
) (/usr/share/texmf-dist/tex/latex/tools/shellesc.sty
Package: shellesc 2019/11/08 v1.0c unified shell escape interface for LaTeX
Package shellesc Info: Unrestricted shell escape enabled on input line 75.
)
(/usr/share/texmf-dist/tex/latex/ifplatform/ifplatform.sty
Package: ifplatform 2017/10/13 v0.4a Testing for the operating system

(/usr/share/texmf-dist/tex/generic/catchfile/catchfile.sty
Package: catchfile 2019/12/09 v1.8 Catch the contents of a file (HO)
)
(/usr/share/texmf-dist/tex/generic/iftex/ifluatex.sty
Package: ifluatex 2019/10/25 v1.5 ifluatex legacy package. Use iftex instead.
)
runsystem(uname -s > "main.w18")...executed.

 (./main.w18)
runsystem(rm -- "main.w18")...executed.

)
(/usr/share/texmf-dist/tex/latex/framed/framed.sty
Package: framed 2011/10/22 v 0.96: framed or shaded text with page breaks
\OuterFrameSep=\skip144
\fb@frw=\dimen329
\fb@frh=\dimen330
\FrameRule=\dimen331
\FrameSep=\dimen332
)
\minted@appexistsfile=\read5
\minted@bgbox=\box113
\minted@code=\write5
\c@minted@FancyVerbLineTemp=\count396
\c@minted@pygmentizecounter=\count397
\@float@every@listing=\toks54
\c@listing=\count398
)
runsystem(mkdir -p out/_minted-main)...executed.

Package csquotes Info: Checking for multilingual support...
Package csquotes Info: ... found 'babel' package.
Package csquotes Info: Adjusting default style.
Package csquotes Info: Redefining alias 'default' -> 'USenglish'.
runsystem(which pygmentize && touch main.aex)...executed.

runsystem(rm main.aex)...executed.


(/home/emily/Desktop/bsprak_writeup/out/main.aux)
\openout1 = `main.aux'.

LaTeX Font Info:    Checking defaults for OML/cmm/m/it on input line 23.
LaTeX Font Info:    ... okay on input line 23.
LaTeX Font Info:    Checking defaults for OMS/cmsy/m/n on input line 23.
LaTeX Font Info:    ... okay on input line 23.
LaTeX Font Info:    Checking defaults for OT1/cmr/m/n on input line 23.
LaTeX Font Info:    ... okay on input line 23.
LaTeX Font Info:    Checking defaults for T1/cmr/m/n on input line 23.
LaTeX Font Info:    ... okay on input line 23.
LaTeX Font Info:    Checking defaults for TS1/cmr/m/n on input line 23.
LaTeX Font Info:    ... okay on input line 23.
LaTeX Font Info:    Checking defaults for OMX/cmex/m/n on input line 23.
LaTeX Font Info:    ... okay on input line 23.
LaTeX Font Info:    Checking defaults for U/cmr/m/n on input line 23.
LaTeX Font Info:    ... okay on input line 23.
LaTeX Font Info:    Checking defaults for PD1/pdf/m/n on input line 23.
LaTeX Font Info:    ... okay on input line 23.
LaTeX Font Info:    Checking defaults for PU/pdf/m/n on input line 23.
LaTeX Font Info:    ... okay on input line 23.

*geometry* driver: auto-detecting
*geometry* detected driver: pdftex
*geometry* verbose mode - [ preamble ] result:
* driver: pdftex
* paper: a4paper
* layout: <same size as paper>
* layoutoffset:(h,v)=(0.0pt,0.0pt)
* modes: 
* h-part:(L,W,R)=(56.90552pt, 483.69684pt, 56.90552pt)
* v-part:(T,H,B)=(64.87228pt, 682.86613pt, 97.30843pt)
* \paperwidth=597.50787pt
* \paperheight=845.04684pt
* \textwidth=483.69684pt
* \textheight=682.86613pt
* \oddsidemargin=-15.36447pt
* \evensidemargin=-15.36447pt
* \topmargin=-44.79771pt
* \headheight=20.0pt
* \headsep=25.0pt
* \topskip=11.0pt
* \footskip=47.6pt
* \marginparwidth=59.7508pt
* \marginparsep=12.8401pt
* \columnsep=10.0pt
* \skip\footins=19.0pt
* \hoffset=0.0pt
* \voffset=0.0pt
* \mag=1000
* \@twocolumnfalse
* \@twosidefalse
* \@mparswitchfalse
* \@reversemarginfalse
* (1in=72.27pt=25.4mm, 1cm=28.453pt)

Package lastpage Info: Please have a look at the pageslts package at
(lastpage)             https://www.ctan.org/pkg/pageslts
(lastpage)             ! on input line 23.
(/usr/share/texmf-dist/tex/context/base/mkii/supp-pdf.mkii
[Loading MPS to PDF converter (version 2006.09.02).]
\scratchcounter=\count399
\scratchdimen=\dimen333
\scratchbox=\box114
\nofMPsegments=\count400
\nofMParguments=\count401
\everyMPshowfont=\toks55
\MPscratchCnt=\count402
\MPscratchDim=\dimen334
\MPnumerator=\count403
\makeMPintoPDFobject=\count404
\everyMPtoPDFconversion=\toks56
) (/usr/share/texmf-dist/tex/latex/epstopdf-pkg/epstopdf-base.sty
Package: epstopdf-base 2020-01-24 v2.11 Base part for package epstopdf
Package epstopdf-base Info: Redefining graphics rule for `.eps' on input line 4
85.

(/usr/share/texmf-dist/tex/latex/latexconfig/epstopdf-sys.cfg
File: epstopdf-sys.cfg 2010/07/13 v1.3 Configuration of (r)epstopdf for TeX Liv
e
))
Package hyperref Info: Link coloring ON on input line 23.

(/usr/share/texmf-dist/tex/latex/hyperref/nameref.sty
Package: nameref 2021-04-02 v2.47 Cross-referencing by name of section

(/usr/share/texmf-dist/tex/latex/refcount/refcount.sty
Package: refcount 2019/12/15 v3.6 Data extraction from label references (HO)
)
(/usr/share/texmf-dist/tex/generic/gettitlestring/gettitlestring.sty
Package: gettitlestring 2019/12/15 v1.6 Cleanup title references (HO)
)
\c@section@level=\count405
)
LaTeX Info: Redefining \ref on input line 23.
LaTeX Info: Redefining \pageref on input line 23.
LaTeX Info: Redefining \nameref on input line 23.

(/home/emily/Desktop/bsprak_writeup/out/main.out)
(/home/emily/Desktop/bsprak_writeup/out/main.out)
\@outlinefile=\write6
\openout6 = `main.out'.


Package pgfplots notification 'compat/show suggested version=true': you might b
enefit from \pgfplotsset{compat=1.18} (current compat level: 1.17).

LaTeX Font Info:    External font `lmex10' loaded for size
(Font)              <12> on input line 25.

LaTeX Warning: No \author given.

[1{/var/lib/texmf/fonts/map/pdftex/updmap/pdftex.map}]
LaTeX Font Info:    External font `lmex10' loaded for size
(Font)              <9> on input line 31.
LaTeX Font Info:    External font `lmex10' loaded for size
(Font)              <5> on input line 31.
\openout5 = `main.pyg'.


(./out/_minted-main/default.pygstyle)
(./out/_minted-main/DAF23CAD40130C50E545EABFCD01128B47FDAE7367B8EF889E2FFE2AE09
92453.pygtex)
\openout4 = `main.pyg'.

runsystem(pygmentize -l shell -f latex -P commandprefix=PYG -F tokenmerge -P st
ripnl=False -o out/_minted-main/2B0066CFAF8CACF59B9878E76EAFDBE047FDAE7367B8EF8
89E2FFE2AE0992453.pygtex out/main.pyg)...executed.


(./out/_minted-main/2B0066CFAF8CACF59B9878E76EAFDBE047FDAE7367B8EF889E2FFE2AE09
92453.pygtex)
\openout5 = `main.pyg'.


(./out/_minted-main/A16FA9635ABC982EBCE37F97A82D7A5847FDAE7367B8EF889E2FFE2AE09
92453.pygtex
LaTeX Font Info:    Font shape `T1/lmtt/bx/n' in size <14.4> not available
(Font)              Font shape `T1/lmtt/b/n' tried instead on input line 1.
)

Package hyperref Warning: Token not allowed in a PDF string (Unicode):
(hyperref)                removing `\mintinline' on input line 55.


AED: lastpage setting LastPage
[1]
runsystem(rm out/_minted-main/63BAAD0336569EB92DD92A48D232A52D47FDAE7367B8EF889
E2FFE2AE0992453.pygtex)...executed.

 (/home/emily/Desktop/bsprak_writeup/out/main.aux)
Package rerunfilecheck Info: File `main.out' has not changed.
(rerunfilecheck)             Checksum: E623E3736D78568B12942A1DBAFD2FA4;1040.
runsystem(rm out//main.pyg)...executed.

 ) 
Here is how much of TeX's memory you used:
 4332 strings out of 438383
 91583 string characters out of 4953137
 1477032 words of memory out of 5000000
 61477 multiletter control sequences out of 15000+600000
 504140 words of font info for 96 fonts, out of 8000000 for 9000
 1141 hyphenation exceptions out of 8191
 65i,14n,75p,518b,464s stack positions out of 5000i,500n,10000p,200000b,80000s
pdfTeX warning (dest): name{Hfootnote.1} has been referenced but does not exi
st, replaced by a fixed one

{/usr/share/texmf-dist/fonts/enc/dvips/lm/lm-mathit.enc}{/usr/share/texmf-dist/
fonts/enc/dvips/lm/lm-ec.enc}</usr/share/texmf-dist/fonts/type1/public/lm/lmbx1
2.pfb></usr/share/texmf-dist/fonts/type1/public/lm/lmmi10.pfb></usr/share/texmf
-dist/fonts/type1/public/lm/lmr10.pfb></usr/share/texmf-dist/fonts/type1/public
/lm/lmr12.pfb></usr/share/texmf-dist/fonts/type1/public/lm/lmr17.pfb></usr/shar
e/texmf-dist/fonts/type1/public/lm/lmr6.pfb></usr/share/texmf-dist/fonts/type1/
public/lm/lmr8.pfb></usr/share/texmf-dist/fonts/type1/public/lm/lmri10.pfb></us
r/share/texmf-dist/fonts/type1/public/lm/lmtk10.pfb></usr/share/texmf-dist/font
s/type1/public/lm/lmtt10.pfb></usr/share/texmf-dist/fonts/type1/public/lm/lmtt9
.pfb>
Output written on /home/emily/Desktop/bsprak_writeup/out/main.pdf (2 pages, 222
734 bytes).
PDF statistics:
 109 PDF objects out of 1000 (max. 8388607)
 82 compressed objects within 1 object stream
 10 named destinations out of 1000 (max. 500000)
 61 words of extra memory for PDF output out of 10000 (max. 10000000)

